Using pre-set license
Built from '2022.3/staging' branch; Version is '2022.3.22f1 (887be4894c44) revision 8944612'; Using compiler version '192829333'; Build Type 'Release'
OS: 'Windows 10  (10.0.19045) 64bit Professional' Language: 'fr' Physical Memory: 32509 MB
BatchMode: 1, IsHumanControllingUs: 0, StartBugReporterOnCrash: 0, Is64bit: 1, IsPro: 1

COMMAND LINE ARGUMENTS:
C:\Program Files\Unity\Hub\Editor\2022.3.22f1\Editor\Unity.exe
-adb2
-batchMode
-noUpm
-name
AssetImportWorker3
-projectPath
C:/Dev/Unity_ML-Agents/V3/ELMO
-logFile
Logs/AssetImportWorker3.log
-srvPort
60714
Successfully changed project path to: C:/Dev/Unity_ML-Agents/V3/ELMO
C:/Dev/Unity_ML-Agents/V3/ELMO
[UnityMemory] Configuration Parameters - Can be set up in boot.config
    "memorysetup-bucket-allocator-granularity=16"
    "memorysetup-bucket-allocator-bucket-count=8"
    "memorysetup-bucket-allocator-block-size=33554432"
    "memorysetup-bucket-allocator-block-count=8"
    "memorysetup-main-allocator-block-size=16777216"
    "memorysetup-thread-allocator-block-size=16777216"
    "memorysetup-gfx-main-allocator-block-size=16777216"
    "memorysetup-gfx-thread-allocator-block-size=16777216"
    "memorysetup-cache-allocator-block-size=4194304"
    "memorysetup-typetree-allocator-block-size=2097152"
    "memorysetup-profiler-bucket-allocator-granularity=16"
    "memorysetup-profiler-bucket-allocator-bucket-count=8"
    "memorysetup-profiler-bucket-allocator-block-size=33554432"
    "memorysetup-profiler-bucket-allocator-block-count=8"
    "memorysetup-profiler-allocator-block-size=16777216"
    "memorysetup-profiler-editor-allocator-block-size=1048576"
    "memorysetup-temp-allocator-size-main=16777216"
    "memorysetup-job-temp-allocator-block-size=2097152"
    "memorysetup-job-temp-allocator-block-size-background=1048576"
    "memorysetup-job-temp-allocator-reduction-small-platforms=262144"
    "memorysetup-allocator-temp-initial-block-size-main=262144"
    "memorysetup-allocator-temp-initial-block-size-worker=262144"
    "memorysetup-temp-allocator-size-background-worker=32768"
    "memorysetup-temp-allocator-size-job-worker=262144"
    "memorysetup-temp-allocator-size-preload-manager=33554432"
    "memorysetup-temp-allocator-size-nav-mesh-worker=65536"
    "memorysetup-temp-allocator-size-audio-worker=65536"
    "memorysetup-temp-allocator-size-cloud-worker=32768"
    "memorysetup-temp-allocator-size-gi-baking-worker=262144"
    "memorysetup-temp-allocator-size-gfx=262144"
Player connection [22740] Host "[IP] 192.168.56.1 [Port] 0 [Flags] 2 [Guid] 20501012 [EditorId] 20501012 [Version] 1048832 [Id] WindowsEditor(7,DESKTOP-LB3974N) [Debug] 1 [PackageName] WindowsEditor [ProjectName] Editor" joined multi-casting on [225.0.0.222:54997]...

Player connection [22740] Host "[IP] 192.168.56.1 [Port] 0 [Flags] 2 [Guid] 20501012 [EditorId] 20501012 [Version] 1048832 [Id] WindowsEditor(7,DESKTOP-LB3974N) [Debug] 1 [PackageName] WindowsEditor [ProjectName] Editor" joined alternative multi-casting on [225.0.0.222:34997]...

[Physics::Module] Initialized MultithreadedJobDispatcher with 19 workers.
Refreshing native plugins compatible for Editor in 214.21 ms, found 7 plugins.
Preloading 0 native plugins for Editor in 0.00 ms.
Initialize engine version: 2022.3.22f1 (887be4894c44)
[Subsystems] Discovering subsystems at path C:/Program Files/Unity/Hub/Editor/2022.3.22f1/Editor/Data/Resources/UnitySubsystems
[Subsystems] Discovering subsystems at path C:/Dev/Unity_ML-Agents/V3/ELMO/Assets
GfxDevice: creating device client; threaded=0; jobified=0
Direct3D:
    Version:  Direct3D 11.0 [level 11.1]
    Renderer: NVIDIA GeForce RTX 3080 Ti (ID=0x2208)
    Vendor:   NVIDIA
    VRAM:     12086 MB
    Driver:   31.0.15.5178
Initialize mono
Mono path[0] = 'C:/Program Files/Unity/Hub/Editor/2022.3.22f1/Editor/Data/Managed'
Mono path[1] = 'C:/Program Files/Unity/Hub/Editor/2022.3.22f1/Editor/Data/MonoBleedingEdge/lib/mono/unityjit-win32'
Mono config path = 'C:/Program Files/Unity/Hub/Editor/2022.3.22f1/Editor/Data/MonoBleedingEdge/etc'
Using monoOptions --debugger-agent=transport=dt_socket,embedding=1,server=y,suspend=n,address=127.0.0.1:56752
Begin MonoManager ReloadAssembly
Registering precompiled unity dll's ...
Register platform support module: C:/Program Files/Unity/Hub/Editor/2022.3.22f1/Editor/Data/PlaybackEngines/WebGLSupport/UnityEditor.WebGL.Extensions.dll
Register platform support module: C:/Program Files/Unity/Hub/Editor/2022.3.22f1/Editor/Data/PlaybackEngines/WindowsStandaloneSupport/UnityEditor.WindowsStandalone.Extensions.dll
Registered in 0.018483 seconds.
- Loaded All Assemblies, in  0.854 seconds
Native extension for WindowsStandalone target not found
Native extension for WebGL target not found
Mono: successfully reloaded assembly
- Finished resetting the current domain, in  0.319 seconds
Domain Reload Profiling: 1170ms
	BeginReloadAssembly (252ms)
		ExecutionOrderSort (0ms)
		DisableScriptedObjects (0ms)
		BackupInstance (0ms)
		ReleaseScriptingObjects (0ms)
		CreateAndSetChildDomain (1ms)
	RebuildCommonClasses (147ms)
	RebuildNativeTypeToScriptingClass (12ms)
	initialDomainReloadingComplete (90ms)
	LoadAllAssembliesAndSetupDomain (349ms)
		LoadAssemblies (249ms)
		RebuildTransferFunctionScriptingTraits (0ms)
		AnalyzeDomain (346ms)
			TypeCache.Refresh (344ms)
				TypeCache.ScanAssembly (330ms)
			ScanForSourceGeneratedMonoScriptInfo (0ms)
			ResolveRequiredComponents (1ms)
	FinalizeReload (319ms)
		ReleaseScriptCaches (0ms)
		RebuildScriptCaches (0ms)
		SetupLoadedEditorAssemblies (253ms)
			LogAssemblyErrors (0ms)
			InitializePlatformSupportModulesInManaged (16ms)
			SetLoadedEditorAssemblies (6ms)
			RefreshPlugins (0ms)
			BeforeProcessingInitializeOnLoad (3ms)
			ProcessInitializeOnLoadAttributes (176ms)
			ProcessInitializeOnLoadMethodAttributes (53ms)
			AfterProcessingInitializeOnLoad (0ms)
			EditorAssembliesLoaded (0ms)
		ExecutionOrderSort2 (0ms)
		AwakeInstancesAfterBackupRestoration (0ms)
========================================================================
Worker process is ready to serve import requests
Begin MonoManager ReloadAssembly
- Loaded All Assemblies, in  1.254 seconds
Refreshing native plugins compatible for Editor in 10.90 ms, found 7 plugins.
Native extension for WindowsStandalone target not found
Native extension for WebGL target not found
Package Manager log level set to [2]
[Package Manager] Server::EnsureServerProcessIsRunning -- launch failed, reason: Unity was launched with the -noUpm command-line argument
[Package Manager] UpmClient::Send -- Unable to send message (not connected to UPM process).
[Package Manager] Cannot connect to Unity Package Manager local server
Mono: successfully reloaded assembly
- Finished resetting the current domain, in  0.678 seconds
Domain Reload Profiling: 1927ms
	BeginReloadAssembly (204ms)
		ExecutionOrderSort (0ms)
		DisableScriptedObjects (8ms)
		BackupInstance (0ms)
		ReleaseScriptingObjects (0ms)
		CreateAndSetChildDomain (32ms)
	RebuildCommonClasses (38ms)
	RebuildNativeTypeToScriptingClass (12ms)
	initialDomainReloadingComplete (65ms)
	LoadAllAssembliesAndSetupDomain (929ms)
		LoadAssemblies (765ms)
		RebuildTransferFunctionScriptingTraits (0ms)
		AnalyzeDomain (273ms)
			TypeCache.Refresh (242ms)
				TypeCache.ScanAssembly (225ms)
			ScanForSourceGeneratedMonoScriptInfo (22ms)
			ResolveRequiredComponents (7ms)
	FinalizeReload (678ms)
		ReleaseScriptCaches (0ms)
		RebuildScriptCaches (0ms)
		SetupLoadedEditorAssemblies (507ms)
			LogAssemblyErrors (0ms)
			InitializePlatformSupportModulesInManaged (11ms)
			SetLoadedEditorAssemblies (4ms)
			RefreshPlugins (0ms)
			BeforeProcessingInitializeOnLoad (81ms)
			ProcessInitializeOnLoadAttributes (376ms)
			ProcessInitializeOnLoadMethodAttributes (23ms)
			AfterProcessingInitializeOnLoad (12ms)
			EditorAssembliesLoaded (0ms)
		ExecutionOrderSort2 (0ms)
		AwakeInstancesAfterBackupRestoration (8ms)
Launched and connected shader compiler UnityShaderCompiler.exe after 0.14 seconds
Refreshing native plugins compatible for Editor in 10.82 ms, found 7 plugins.
Preloading 0 native plugins for Editor in 0.00 ms.
Unloading 4048 Unused Serialized files (Serialized files now loaded: 0)
Unloading 89 unused Assets / (22.8 MB). Loaded Objects now: 4464.
Memory consumption went from 189.5 MB to 166.7 MB.
Total: 6.759600 ms (FindLiveObjects: 0.466900 ms CreateObjectMapping: 0.148200 ms MarkObjects: 2.732600 ms  DeleteObjects: 3.410500 ms)

AssetImportParameters requested are different than current active one (requested -> active):
  custom:container-demuxer-ogg: 62fdf1f143b41e24485cea50d1cbac27 -> 
  custom:video-decoder-ogg-theora: a1e56fd34408186e4bbccfd4996cb3dc -> 
  custom:framework-win-MediaFoundation: 216162199b28c13a410421893ffa2e32 -> 
  custom:CustomObjectIndexerAttribute: 9a22284fe3817be447336de3de66b15e -> 
  custom:container-demuxer-webm: 4f35f7cbe854078d1ac9338744f61a02 -> 
  custom:container-muxer-webm: aa71ff27fc2769a1b78a27578f13a17b -> 
  custom:video-decoder-webm-vp8: 9c59270c3fd7afecdb556c50c9e8de78 -> 
  custom:SearchIndexIgnoredProperties: e643bd26f0fe6173181afceb89e7c659 -> 
  custom:AudioImporter_EditorPlatform: d09bf68614088b80899f8185d706f6e7 -> 
  custom:video-encoder-webm-vp8: eb34c28f22e8b96e1ab97ce403110664 -> 
  custom:audio-decoder-ogg-vorbis: bf7c407c2cedff20999df2af8eb42d56 -> 
  custom:audio-encoder-webm-vorbis: bf7c407c2cedff20999df2af8eb42d56 -> 
========================================================================
Received Import Request.
  Time since last request: 459492.253417 seconds.
  path: Assets/Prefab/Tiles107_2K-JPG_Color.jpg
  artifactKey: Guid(5570170a5c767a6478b7850d9f080fed) Importer(815301076,1909f56bfc062723c751e8b465ee728b)
Start importing Assets/Prefab/Tiles107_2K-JPG_Color.jpg using Guid(5570170a5c767a6478b7850d9f080fed) Importer(815301076,1909f56bfc062723c751e8b465ee728b)  -> (artifact id: 'c72152fa19afdf0a52fa1f9837c00063') in 0.114679 seconds
Number of updated asset objects reloaded before import = 0
Number of asset objects unloaded after import = 2
========================================================================
Received Import Request.
  Time since last request: 9687.683595 seconds.
  path: Assets/Prefab/Campagne+Bunker2.fbm/Bark001_1K-JPG_NormalGL.jpg
  artifactKey: Guid(31f76d58b8d2b81419215f3baa05835d) Importer(815301076,1909f56bfc062723c751e8b465ee728b)
Start importing Assets/Prefab/Campagne+Bunker2.fbm/Bark001_1K-JPG_NormalGL.jpg using Guid(31f76d58b8d2b81419215f3baa05835d) Importer(815301076,1909f56bfc062723c751e8b465ee728b)  -> (artifact id: 'a234bbdfecfe602baa6b91d3150b96ae') in 0.152884 seconds
Number of updated asset objects reloaded before import = 0
Number of asset objects unloaded after import = 2
========================================================================
Received Import Request.
  Time since last request: 0.000028 seconds.
  path: Assets/Prefab/Campagne+Bunker2.fbm/Sign022_1K-JPG_Metalness.jpg
  artifactKey: Guid(8ab171a33c5b4df42b694ee0c4884e35) Importer(815301076,1909f56bfc062723c751e8b465ee728b)
Start importing Assets/Prefab/Campagne+Bunker2.fbm/Sign022_1K-JPG_Metalness.jpg using Guid(8ab171a33c5b4df42b694ee0c4884e35) Importer(815301076,1909f56bfc062723c751e8b465ee728b)  -> (artifact id: 'c7090cf1b47e1a790697a210648dc816') in 0.028708 seconds
Number of updated asset objects reloaded before import = 0
Number of asset objects unloaded after import = 2
========================================================================
Received Import Request.
  Time since last request: 0.000027 seconds.
  path: Assets/Prefab/Campagne+Bunker2.fbm/Bricks091_1K-JPG_Roughness.jpg
  artifactKey: Guid(59b41083cff548c41a6d876d95d992a9) Importer(815301076,1909f56bfc062723c751e8b465ee728b)
Start importing Assets/Prefab/Campagne+Bunker2.fbm/Bricks091_1K-JPG_Roughness.jpg using Guid(59b41083cff548c41a6d876d95d992a9) Importer(815301076,1909f56bfc062723c751e8b465ee728b)  -> (artifact id: '7e67647b114547993ab47a8ff8d666de') in 0.018427 seconds
Number of updated asset objects reloaded before import = 0
Number of asset objects unloaded after import = 2
========================================================================
Received Import Request.
  Time since last request: 0.000015 seconds.
  path: Assets/Prefab/Campagne+Bunker2.fbm/DiamondPlate005C_2K-JPG_Color.jpg
  artifactKey: Guid(86c607031dcca9a4bbc93f8467c6865d) Importer(815301076,1909f56bfc062723c751e8b465ee728b)
Start importing Assets/Prefab/Campagne+Bunker2.fbm/DiamondPlate005C_2K-JPG_Color.jpg using Guid(86c607031dcca9a4bbc93f8467c6865d) Importer(815301076,1909f56bfc062723c751e8b465ee728b)  -> (artifact id: 'fc59284117e0ad393adbf5bdb4fbeb53') in 0.038676 seconds
Number of updated asset objects reloaded before import = 0
Number of asset objects unloaded after import = 2
========================================================================
Received Import Request.
  Time since last request: 0.000377 seconds.
  path: Assets/Prefab/Campagne+Bunker2.fbm/Bricks091_1K-JPG_NormalGL.jpg
  artifactKey: Guid(a61b6a02b8715374ca561395f35a868c) Importer(815301076,1909f56bfc062723c751e8b465ee728b)
Start importing Assets/Prefab/Campagne+Bunker2.fbm/Bricks091_1K-JPG_NormalGL.jpg using Guid(a61b6a02b8715374ca561395f35a868c) Importer(815301076,1909f56bfc062723c751e8b465ee728b)  -> (artifact id: '5ccdd5cd53b72b5f90453f417f552487') in 0.217987 seconds
Number of updated asset objects reloaded before import = 0
Number of asset objects unloaded after import = 2
========================================================================
Received Import Request.
  Time since last request: 0.000021 seconds.
  path: Assets/Prefab/Campagne+Bunker2.fbm/DiamondPlate005C_2K-JPG_Roughness.jpg
  artifactKey: Guid(d9d0ee83af4959143b4793a56f0cefc8) Importer(815301076,1909f56bfc062723c751e8b465ee728b)
Start importing Assets/Prefab/Campagne+Bunker2.fbm/DiamondPlate005C_2K-JPG_Roughness.jpg using Guid(d9d0ee83af4959143b4793a56f0cefc8) Importer(815301076,1909f56bfc062723c751e8b465ee728b)  -> (artifact id: '16bca3bcdf1d12d6fb1ddf1ab733104b') in 0.022342 seconds
Number of updated asset objects reloaded before import = 0
Number of asset objects unloaded after import = 2
========================================================================
Received Import Request.
  Time since last request: 0.000032 seconds.
  path: Assets/Prefab/Campagne+Bunker2.fbm/Concrete041B_2K-JPG_Color.jpg
  artifactKey: Guid(c605e011df4ef9f4cb800ee6e73ec768) Importer(815301076,1909f56bfc062723c751e8b465ee728b)
Start importing Assets/Prefab/Campagne+Bunker2.fbm/Concrete041B_2K-JPG_Color.jpg using Guid(c605e011df4ef9f4cb800ee6e73ec768) Importer(815301076,1909f56bfc062723c751e8b465ee728b)  -> (artifact id: '85365b4e253bb410fea36f56353c764b') in 0.020469 seconds
Number of updated asset objects reloaded before import = 0
Number of asset objects unloaded after import = 2
========================================================================
Received Import Request.
  Time since last request: 0.000020 seconds.
  path: Assets/Prefab/Campagne+Bunker2.fbm/Concrete041B_2K-JPG_Roughness.jpg
  artifactKey: Guid(27e4ee4642210cc4cbd5641f02256b96) Importer(815301076,1909f56bfc062723c751e8b465ee728b)
Start importing Assets/Prefab/Campagne+Bunker2.fbm/Concrete041B_2K-JPG_Roughness.jpg using Guid(27e4ee4642210cc4cbd5641f02256b96) Importer(815301076,1909f56bfc062723c751e8b465ee728b)  -> (artifact id: '3113255ecacaab60042da0eaf1182498') in 0.020657 seconds
Number of updated asset objects reloaded before import = 0
Number of asset objects unloaded after import = 2
========================================================================
Received Import Request.
  Time since last request: 0.000025 seconds.
  path: Assets/Prefab/Campagne+Bunker2.fbm/Concrete010_2K-JPG_Roughness.jpg
  artifactKey: Guid(2a3aafbe3cc635c449f38c669dc44ed4) Importer(815301076,1909f56bfc062723c751e8b465ee728b)
Start importing Assets/Prefab/Campagne+Bunker2.fbm/Concrete010_2K-JPG_Roughness.jpg using Guid(2a3aafbe3cc635c449f38c669dc44ed4) Importer(815301076,1909f56bfc062723c751e8b465ee728b)  -> (artifact id: '73f8dce3cee5a831d13ea4c033484851') in 0.020256 seconds
Number of updated asset objects reloaded before import = 0
Number of asset objects unloaded after import = 2
========================================================================
Received Import Request.
  Time since last request: 0.000023 seconds.
  path: Assets/Prefab/Campagne+Bunker2.fbm/TactilePaving003_2K-JPG_NormalGL.jpg
  artifactKey: Guid(4a1936064bec7804688238d8f3354e7f) Importer(815301076,1909f56bfc062723c751e8b465ee728b)
Start importing Assets/Prefab/Campagne+Bunker2.fbm/TactilePaving003_2K-JPG_NormalGL.jpg using Guid(4a1936064bec7804688238d8f3354e7f) Importer(815301076,1909f56bfc062723c751e8b465ee728b)  -> (artifact id: '6c51f416358551579d818e8cb7cb2018') in 0.025429 seconds
Number of updated asset objects reloaded before import = 0
Number of asset objects unloaded after import = 2
========================================================================
Received Import Request.
  Time since last request: 0.000016 seconds.
  path: Assets/Prefab/Campagne+Bunker2.fbm/Sign022_1K-JPG_Opacity.jpg
  artifactKey: Guid(4e64034194b157b48969a2ffbb59520b) Importer(815301076,1909f56bfc062723c751e8b465ee728b)
Start importing Assets/Prefab/Campagne+Bunker2.fbm/Sign022_1K-JPG_Opacity.jpg using Guid(4e64034194b157b48969a2ffbb59520b) Importer(815301076,1909f56bfc062723c751e8b465ee728b)  -> (artifact id: '249e06a27eb0719429de9a64f9d73ee7') in 0.019744 seconds
Number of updated asset objects reloaded before import = 0
Number of asset objects unloaded after import = 2
========================================================================
Received Import Request.
  Time since last request: 0.000120 seconds.
  path: Assets/Prefab/Campagne+Bunker2.fbm/Concrete010_2K-JPG_NormalGL.jpg
  artifactKey: Guid(f08229a3d4bda0441b50c737f84ba65d) Importer(815301076,1909f56bfc062723c751e8b465ee728b)
Start importing Assets/Prefab/Campagne+Bunker2.fbm/Concrete010_2K-JPG_NormalGL.jpg using Guid(f08229a3d4bda0441b50c737f84ba65d) Importer(815301076,1909f56bfc062723c751e8b465ee728b)  -> (artifact id: '03410fef8e8615835a3fa82e3e7cedc7') in 0.024471 seconds
Number of updated asset objects reloaded before import = 0
Number of asset objects unloaded after import = 2
========================================================================
Received Import Request.
  Time since last request: 0.000020 seconds.
  path: Assets/Prefab/Campagne+Bunker2.fbm/DiamondPlate005C_2K-JPG_Metalness.jpg
  artifactKey: Guid(99756c9e7c6b0fb4bba509e256e46c32) Importer(815301076,1909f56bfc062723c751e8b465ee728b)
Start importing Assets/Prefab/Campagne+Bunker2.fbm/DiamondPlate005C_2K-JPG_Metalness.jpg using Guid(99756c9e7c6b0fb4bba509e256e46c32) Importer(815301076,1909f56bfc062723c751e8b465ee728b)  -> (artifact id: '9f2bdc9f23da2b59818c4bde770e568d') in 0.018000 seconds
Number of updated asset objects reloaded before import = 0
Number of asset objects unloaded after import = 2
========================================================================
Received Import Request.
  Time since last request: 0.000018 seconds.
  path: Assets/Prefab/Campagne+Bunker2.fbm/Rock051_2K-JPG_Metalness.jpg
  artifactKey: Guid(c1a5f09e30c93e44299796b32c23717b) Importer(815301076,1909f56bfc062723c751e8b465ee728b)
Start importing Assets/Prefab/Campagne+Bunker2.fbm/Rock051_2K-JPG_Metalness.jpg using Guid(c1a5f09e30c93e44299796b32c23717b) Importer(815301076,1909f56bfc062723c751e8b465ee728b)  -> (artifact id: 'f22d61343bc22b2a4f1460ce39f43552') in 0.030190 seconds
Number of updated asset objects reloaded before import = 0
Number of asset objects unloaded after import = 2
========================================================================
Received Import Request.
  Time since last request: 0.000157 seconds.
  path: Assets/Prefab/Campagne+Bunker2.fbm/Ground037_2K-JPG_Color.jpg
  artifactKey: Guid(4cc993007da9ede498466ba2d113959f) Importer(815301076,1909f56bfc062723c751e8b465ee728b)
Start importing Assets/Prefab/Campagne+Bunker2.fbm/Ground037_2K-JPG_Color.jpg using Guid(4cc993007da9ede498466ba2d113959f) Importer(815301076,1909f56bfc062723c751e8b465ee728b)  -> (artifact id: '133004cd28db70aab3d03b202a0e51c9') in 0.045503 seconds
Number of updated asset objects reloaded before import = 0
Number of asset objects unloaded after import = 2
========================================================================
Received Import Request.
  Time since last request: 0.000128 seconds.
  path: Assets/Prefab/Campagne+Bunker2.fbm/Metal022_1K-JPG_Metalness.jpg
  artifactKey: Guid(a600ea9cab9ccfb43b5af015f10d515d) Importer(815301076,1909f56bfc062723c751e8b465ee728b)
Start importing Assets/Prefab/Campagne+Bunker2.fbm/Metal022_1K-JPG_Metalness.jpg using Guid(a600ea9cab9ccfb43b5af015f10d515d) Importer(815301076,1909f56bfc062723c751e8b465ee728b)  -> (artifact id: '0ff35ba2327f6917a078165eb7ecc735') in 0.019962 seconds
Number of updated asset objects reloaded before import = 0
Number of asset objects unloaded after import = 2
========================================================================
Received Import Request.
  Time since last request: 0.000017 seconds.
  path: Assets/Prefab/Campagne+Bunker2.fbm/Sign022_1K-JPG_Color.jpg
  artifactKey: Guid(02d45d58c49527a4b9e8f5b75139fd4a) Importer(815301076,1909f56bfc062723c751e8b465ee728b)
Start importing Assets/Prefab/Campagne+Bunker2.fbm/Sign022_1K-JPG_Color.jpg using Guid(02d45d58c49527a4b9e8f5b75139fd4a) Importer(815301076,1909f56bfc062723c751e8b465ee728b)  -> (artifact id: 'aac9c25a11821113dbc361e0d0b3b845') in 0.016811 seconds
Number of updated asset objects reloaded before import = 0
Number of asset objects unloaded after import = 2
========================================================================
Received Import Request.
  Time since last request: 0.000017 seconds.
  path: Assets/Prefab/Campagne+Bunker2.fbm/TactilePaving003_2K-JPG_Color.jpg
  artifactKey: Guid(228409f096e1c354e8d01063ea5ce5c5) Importer(815301076,1909f56bfc062723c751e8b465ee728b)
Start importing Assets/Prefab/Campagne+Bunker2.fbm/TactilePaving003_2K-JPG_Color.jpg using Guid(228409f096e1c354e8d01063ea5ce5c5) Importer(815301076,1909f56bfc062723c751e8b465ee728b)  -> (artifact id: 'fa11aa5f2a105dcd1b135520afe02bde') in 0.020472 seconds
Number of updated asset objects reloaded before import = 0
Number of asset objects unloaded after import = 2
========================================================================
Received Import Request.
  Time since last request: 0.000023 seconds.
  path: Assets/Prefab/Campagne+Bunker2.fbm/Bricks091_1K-JPG_Color.jpg
  artifactKey: Guid(ad6a8149336dca443836777fdf7080cd) Importer(815301076,1909f56bfc062723c751e8b465ee728b)
Start importing Assets/Prefab/Campagne+Bunker2.fbm/Bricks091_1K-JPG_Color.jpg using Guid(ad6a8149336dca443836777fdf7080cd) Importer(815301076,1909f56bfc062723c751e8b465ee728b)  -> (artifact id: 'd1401c32a150d931381a6adb4c896889') in 0.016296 seconds
Number of updated asset objects reloaded before import = 0
Number of asset objects unloaded after import = 2
========================================================================
Received Import Request.
  Time since last request: 0.000018 seconds.
  path: Assets/Prefab/Campagne+Bunker2.fbm/Rock051_2K-JPG_NormalGL.jpg
  artifactKey: Guid(e01caec9262226c4387f3db7286b633b) Importer(815301076,1909f56bfc062723c751e8b465ee728b)
Start importing Assets/Prefab/Campagne+Bunker2.fbm/Rock051_2K-JPG_NormalGL.jpg using Guid(e01caec9262226c4387f3db7286b633b) Importer(815301076,1909f56bfc062723c751e8b465ee728b)  -> (artifact id: '35d099dacb4c4af26e5192a5a32fc0a5') in 0.028763 seconds
Number of updated asset objects reloaded before import = 0
Number of asset objects unloaded after import = 2
========================================================================
Received Import Request.
  Time since last request: 0.000021 seconds.
  path: Assets/Prefab/Campagne+Bunker2.fbm/Metal022_1K-JPG_NormalGL.jpg
  artifactKey: Guid(5fc01aff9a42bda428aab848bd300d0c) Importer(815301076,1909f56bfc062723c751e8b465ee728b)
Start importing Assets/Prefab/Campagne+Bunker2.fbm/Metal022_1K-JPG_NormalGL.jpg using Guid(5fc01aff9a42bda428aab848bd300d0c) Importer(815301076,1909f56bfc062723c751e8b465ee728b)  -> (artifact id: 'c1ad25bf21ad422606ac7a9d61f1bcc3') in 0.031495 seconds
Number of updated asset objects reloaded before import = 0
Number of asset objects unloaded after import = 2
========================================================================
Received Import Request.
  Time since last request: 0.000019 seconds.
  path: Assets/Prefab/Campagne+Bunker2.fbm/RoofingTiles013C_2K-JPG_Opacity.jpg
  artifactKey: Guid(bea0e13761c50ba42877f77f786d964f) Importer(815301076,1909f56bfc062723c751e8b465ee728b)
Start importing Assets/Prefab/Campagne+Bunker2.fbm/RoofingTiles013C_2K-JPG_Opacity.jpg using Guid(bea0e13761c50ba42877f77f786d964f) Importer(815301076,1909f56bfc062723c751e8b465ee728b)  -> (artifact id: '6d5fcddb2cce4fa4b93d93b110eae7f8') in 0.041456 seconds
Number of updated asset objects reloaded before import = 0
Number of asset objects unloaded after import = 2
========================================================================
Received Import Request.
  Time since last request: 0.000071 seconds.
  path: Assets/Prefab/Campagne+Bunker2.fbm/RoofingTiles013C_2K-JPG_Roughness.jpg
  artifactKey: Guid(4b364a2849f8a1b439fe80b42c3e791e) Importer(815301076,1909f56bfc062723c751e8b465ee728b)
Start importing Assets/Prefab/Campagne+Bunker2.fbm/RoofingTiles013C_2K-JPG_Roughness.jpg using Guid(4b364a2849f8a1b439fe80b42c3e791e) Importer(815301076,1909f56bfc062723c751e8b465ee728b)  -> (artifact id: '684f30433c77239d7f94ae936969fb27') in 0.065369 seconds
Number of updated asset objects reloaded before import = 0
Number of asset objects unloaded after import = 2
Editor requested this worker to shutdown with reason: Scaling down because of idle timeout
TcpMessagingSession - receive error: operation aborted. errorcode: 995, details: L’opération d’entrée/sortie a été abandonnée en raison de l’arrêt d’un thread ou à la demande d’une application.
AssetImportWorker is now disconnected from the server
Process exiting
Exiting without the bug reporter. Application will terminate with return code 0