Using pre-set license
Built from '2022.3/staging' branch; Version is '2022.3.22f1 (887be4894c44) revision 8944612'; Using compiler version '192829333'; Build Type 'Release'
OS: 'Windows 10  (10.0.19045) 64bit Professional' Language: 'fr' Physical Memory: 32509 MB
BatchMode: 1, IsHumanControllingUs: 0, StartBugReporterOnCrash: 0, Is64bit: 1, IsPro: 1

COMMAND LINE ARGUMENTS:
C:\Program Files\Unity\Hub\Editor\2022.3.22f1\Editor\Unity.exe
-adb2
-batchMode
-noUpm
-name
AssetImportWorker16
-projectPath
C:/Dev/Unity_ML-Agents/V3/ELMO
-logFile
Logs/AssetImportWorker16.log
-srvPort
60714
Successfully changed project path to: C:/Dev/Unity_ML-Agents/V3/ELMO
C:/Dev/Unity_ML-Agents/V3/ELMO
[UnityMemory] Configuration Parameters - Can be set up in boot.config
    "memorysetup-bucket-allocator-granularity=16"
    "memorysetup-bucket-allocator-bucket-count=8"
    "memorysetup-bucket-allocator-block-size=33554432"
    "memorysetup-bucket-allocator-block-count=8"
    "memorysetup-main-allocator-block-size=16777216"
    "memorysetup-thread-allocator-block-size=16777216"
    "memorysetup-gfx-main-allocator-block-size=16777216"
    "memorysetup-gfx-thread-allocator-block-size=16777216"
    "memorysetup-cache-allocator-block-size=4194304"
    "memorysetup-typetree-allocator-block-size=2097152"
    "memorysetup-profiler-bucket-allocator-granularity=16"
    "memorysetup-profiler-bucket-allocator-bucket-count=8"
    "memorysetup-profiler-bucket-allocator-block-size=33554432"
    "memorysetup-profiler-bucket-allocator-block-count=8"
    "memorysetup-profiler-allocator-block-size=16777216"
    "memorysetup-profiler-editor-allocator-block-size=1048576"
    "memorysetup-temp-allocator-size-main=16777216"
    "memorysetup-job-temp-allocator-block-size=2097152"
    "memorysetup-job-temp-allocator-block-size-background=1048576"
    "memorysetup-job-temp-allocator-reduction-small-platforms=262144"
    "memorysetup-allocator-temp-initial-block-size-main=262144"
    "memorysetup-allocator-temp-initial-block-size-worker=262144"
    "memorysetup-temp-allocator-size-background-worker=32768"
    "memorysetup-temp-allocator-size-job-worker=262144"
    "memorysetup-temp-allocator-size-preload-manager=33554432"
    "memorysetup-temp-allocator-size-nav-mesh-worker=65536"
    "memorysetup-temp-allocator-size-audio-worker=65536"
    "memorysetup-temp-allocator-size-cloud-worker=32768"
    "memorysetup-temp-allocator-size-gi-baking-worker=262144"
    "memorysetup-temp-allocator-size-gfx=262144"
Player connection [55060] Host "[IP] 192.168.56.1 [Port] 0 [Flags] 2 [Guid] 4152644166 [EditorId] 4152644166 [Version] 1048832 [Id] WindowsEditor(7,DESKTOP-LB3974N) [Debug] 1 [PackageName] WindowsEditor [ProjectName] Editor" joined multi-casting on [225.0.0.222:54997]...

Player connection [55060] Host "[IP] 192.168.56.1 [Port] 0 [Flags] 2 [Guid] 4152644166 [EditorId] 4152644166 [Version] 1048832 [Id] WindowsEditor(7,DESKTOP-LB3974N) [Debug] 1 [PackageName] WindowsEditor [ProjectName] Editor" joined alternative multi-casting on [225.0.0.222:34997]...

[Physics::Module] Initialized MultithreadedJobDispatcher with 19 workers.
Refreshing native plugins compatible for Editor in 28.27 ms, found 7 plugins.
Preloading 0 native plugins for Editor in 0.00 ms.
Initialize engine version: 2022.3.22f1 (887be4894c44)
[Subsystems] Discovering subsystems at path C:/Program Files/Unity/Hub/Editor/2022.3.22f1/Editor/Data/Resources/UnitySubsystems
[Subsystems] Discovering subsystems at path C:/Dev/Unity_ML-Agents/V3/ELMO/Assets
GfxDevice: creating device client; threaded=0; jobified=0
Direct3D:
    Version:  Direct3D 11.0 [level 11.1]
    Renderer: NVIDIA GeForce RTX 3080 Ti (ID=0x2208)
    Vendor:   NVIDIA
    VRAM:     12086 MB
    Driver:   31.0.15.5178
Initialize mono
Mono path[0] = 'C:/Program Files/Unity/Hub/Editor/2022.3.22f1/Editor/Data/Managed'
Mono path[1] = 'C:/Program Files/Unity/Hub/Editor/2022.3.22f1/Editor/Data/MonoBleedingEdge/lib/mono/unityjit-win32'
Mono config path = 'C:/Program Files/Unity/Hub/Editor/2022.3.22f1/Editor/Data/MonoBleedingEdge/etc'
Using monoOptions --debugger-agent=transport=dt_socket,embedding=1,server=y,suspend=n,address=127.0.0.1:56308
Begin MonoManager ReloadAssembly
Registering precompiled unity dll's ...
Register platform support module: C:/Program Files/Unity/Hub/Editor/2022.3.22f1/Editor/Data/PlaybackEngines/WebGLSupport/UnityEditor.WebGL.Extensions.dll
Register platform support module: C:/Program Files/Unity/Hub/Editor/2022.3.22f1/Editor/Data/PlaybackEngines/WindowsStandaloneSupport/UnityEditor.WindowsStandalone.Extensions.dll
Registered in 0.014229 seconds.
- Loaded All Assemblies, in  0.397 seconds
Native extension for WindowsStandalone target not found
Native extension for WebGL target not found
Mono: successfully reloaded assembly
- Finished resetting the current domain, in  0.299 seconds
Domain Reload Profiling: 693ms
	BeginReloadAssembly (120ms)
		ExecutionOrderSort (0ms)
		DisableScriptedObjects (0ms)
		BackupInstance (0ms)
		ReleaseScriptingObjects (0ms)
		CreateAndSetChildDomain (1ms)
	RebuildCommonClasses (40ms)
	RebuildNativeTypeToScriptingClass (12ms)
	initialDomainReloadingComplete (72ms)
	LoadAllAssembliesAndSetupDomain (150ms)
		LoadAssemblies (117ms)
		RebuildTransferFunctionScriptingTraits (0ms)
		AnalyzeDomain (148ms)
			TypeCache.Refresh (146ms)
				TypeCache.ScanAssembly (132ms)
			ScanForSourceGeneratedMonoScriptInfo (0ms)
			ResolveRequiredComponents (1ms)
	FinalizeReload (299ms)
		ReleaseScriptCaches (0ms)
		RebuildScriptCaches (0ms)
		SetupLoadedEditorAssemblies (236ms)
			LogAssemblyErrors (0ms)
			InitializePlatformSupportModulesInManaged (13ms)
			SetLoadedEditorAssemblies (5ms)
			RefreshPlugins (0ms)
			BeforeProcessingInitializeOnLoad (3ms)
			ProcessInitializeOnLoadAttributes (163ms)
			ProcessInitializeOnLoadMethodAttributes (52ms)
			AfterProcessingInitializeOnLoad (0ms)
			EditorAssembliesLoaded (0ms)
		ExecutionOrderSort2 (0ms)
		AwakeInstancesAfterBackupRestoration (0ms)
========================================================================
Worker process is ready to serve import requests
Begin MonoManager ReloadAssembly
- Loaded All Assemblies, in  0.733 seconds
Refreshing native plugins compatible for Editor in 9.15 ms, found 7 plugins.
Native extension for WindowsStandalone target not found
Native extension for WebGL target not found
Package Manager log level set to [2]
[Package Manager] Server::EnsureServerProcessIsRunning -- launch failed, reason: Unity was launched with the -noUpm command-line argument
[Package Manager] UpmClient::Send -- Unable to send message (not connected to UPM process).
[Package Manager] Cannot connect to Unity Package Manager local server
Mono: successfully reloaded assembly
- Finished resetting the current domain, in  0.606 seconds
Domain Reload Profiling: 1334ms
	BeginReloadAssembly (143ms)
		ExecutionOrderSort (0ms)
		DisableScriptedObjects (6ms)
		BackupInstance (0ms)
		ReleaseScriptingObjects (0ms)
		CreateAndSetChildDomain (18ms)
	RebuildCommonClasses (34ms)
	RebuildNativeTypeToScriptingClass (12ms)
	initialDomainReloadingComplete (54ms)
	LoadAllAssembliesAndSetupDomain (485ms)
		LoadAssemblies (355ms)
		RebuildTransferFunctionScriptingTraits (0ms)
		AnalyzeDomain (213ms)
			TypeCache.Refresh (185ms)
				TypeCache.ScanAssembly (170ms)
			ScanForSourceGeneratedMonoScriptInfo (20ms)
			ResolveRequiredComponents (6ms)
	FinalizeReload (607ms)
		ReleaseScriptCaches (0ms)
		RebuildScriptCaches (0ms)
		SetupLoadedEditorAssemblies (454ms)
			LogAssemblyErrors (0ms)
			InitializePlatformSupportModulesInManaged (9ms)
			SetLoadedEditorAssemblies (3ms)
			RefreshPlugins (0ms)
			BeforeProcessingInitializeOnLoad (75ms)
			ProcessInitializeOnLoadAttributes (337ms)
			ProcessInitializeOnLoadMethodAttributes (19ms)
			AfterProcessingInitializeOnLoad (10ms)
			EditorAssembliesLoaded (0ms)
		ExecutionOrderSort2 (0ms)
		AwakeInstancesAfterBackupRestoration (7ms)
Launched and connected shader compiler UnityShaderCompiler.exe after 0.04 seconds
Refreshing native plugins compatible for Editor in 5.20 ms, found 7 plugins.
Preloading 0 native plugins for Editor in 0.00 ms.
Unloading 4048 Unused Serialized files (Serialized files now loaded: 0)
Unloading 89 unused Assets / (22.8 MB). Loaded Objects now: 4464.
Memory consumption went from 190.4 MB to 167.6 MB.
Total: 4.161600 ms (FindLiveObjects: 0.175500 ms CreateObjectMapping: 0.078800 ms MarkObjects: 1.801400 ms  DeleteObjects: 2.105200 ms)

AssetImportParameters requested are different than current active one (requested -> active):
  custom:container-demuxer-ogg: 62fdf1f143b41e24485cea50d1cbac27 -> 
  custom:video-decoder-ogg-theora: a1e56fd34408186e4bbccfd4996cb3dc -> 
  custom:framework-win-MediaFoundation: 216162199b28c13a410421893ffa2e32 -> 
  custom:CustomObjectIndexerAttribute: 9a22284fe3817be447336de3de66b15e -> 
  custom:container-demuxer-webm: 4f35f7cbe854078d1ac9338744f61a02 -> 
  custom:container-muxer-webm: aa71ff27fc2769a1b78a27578f13a17b -> 
  custom:video-decoder-webm-vp8: 9c59270c3fd7afecdb556c50c9e8de78 -> 
  custom:SearchIndexIgnoredProperties: e643bd26f0fe6173181afceb89e7c659 -> 
  custom:AudioImporter_EditorPlatform: d09bf68614088b80899f8185d706f6e7 -> 
  custom:video-encoder-webm-vp8: eb34c28f22e8b96e1ab97ce403110664 -> 
  custom:audio-decoder-ogg-vorbis: bf7c407c2cedff20999df2af8eb42d56 -> 
  custom:audio-encoder-webm-vorbis: bf7c407c2cedff20999df2af8eb42d56 -> 
========================================================================
Received Import Request.
  Time since last request: 473800.934320 seconds.
  path: Assets/Prefab/RobotWalk .prefab
  artifactKey: Guid(6eb9dc48279873c4185edecf814d681c) Importer(815301076,1909f56bfc062723c751e8b465ee728b)
Start importing Assets/Prefab/RobotWalk .prefab using Guid(6eb9dc48279873c4185edecf814d681c) Importer(815301076,1909f56bfc062723c751e8b465ee728b)  -> (artifact id: 'f6201b202fe846d6002e8c1bea53f144') in 0.170447 seconds
Number of updated asset objects reloaded before import = 0
Number of asset objects unloaded after import = 293
========================================================================
Received Import Request.
  Time since last request: 35.237208 seconds.
  path: Assets/Prefab/buzr.fbm/Concrete010_2K-JPG_Roughness.jpg
  artifactKey: Guid(049191a26ceff7f43b64b6945c478756) Importer(815301076,1909f56bfc062723c751e8b465ee728b)
Start importing Assets/Prefab/buzr.fbm/Concrete010_2K-JPG_Roughness.jpg using Guid(049191a26ceff7f43b64b6945c478756) Importer(815301076,1909f56bfc062723c751e8b465ee728b)  -> (artifact id: '078191401cf5c7cd5439260dc53db82c') in 0.065060 seconds
Number of updated asset objects reloaded before import = 0
Number of asset objects unloaded after import = 2
========================================================================
Received Import Request.
  Time since last request: 0.000021 seconds.
  path: Assets/Prefab/buzr.fbm/Rock051_2K-JPG_Metalness.jpg
  artifactKey: Guid(4d055df6cc8f3684b83a24bc6dc8e81a) Importer(815301076,1909f56bfc062723c751e8b465ee728b)
Start importing Assets/Prefab/buzr.fbm/Rock051_2K-JPG_Metalness.jpg using Guid(4d055df6cc8f3684b83a24bc6dc8e81a) Importer(815301076,1909f56bfc062723c751e8b465ee728b)  -> (artifact id: '8ba92d12e29eace12ad3cdd25709f423') in 0.011069 seconds
Number of updated asset objects reloaded before import = 0
Number of asset objects unloaded after import = 2
========================================================================
Received Import Request.
  Time since last request: 0.000018 seconds.
  path: Assets/Prefab/buzr.fbm/RoofingTiles013C_2K-JPG_Roughness.jpg
  artifactKey: Guid(dfed2acc74d29b94e896d8cf41267762) Importer(815301076,1909f56bfc062723c751e8b465ee728b)
Start importing Assets/Prefab/buzr.fbm/RoofingTiles013C_2K-JPG_Roughness.jpg using Guid(dfed2acc74d29b94e896d8cf41267762) Importer(815301076,1909f56bfc062723c751e8b465ee728b)  -> (artifact id: '4e9d286ba83d74fe2684c5639a0b040d') in 0.015571 seconds
Number of updated asset objects reloaded before import = 0
Number of asset objects unloaded after import = 2
========================================================================
Received Import Request.
  Time since last request: 0.000018 seconds.
  path: Assets/Prefab/buzr.fbm/RoofingTiles013C_2K-JPG_NormalGL.jpg
  artifactKey: Guid(67ab9d6b3f9ebca4aa9ada4cb0e67198) Importer(815301076,1909f56bfc062723c751e8b465ee728b)
Start importing Assets/Prefab/buzr.fbm/RoofingTiles013C_2K-JPG_NormalGL.jpg using Guid(67ab9d6b3f9ebca4aa9ada4cb0e67198) Importer(815301076,1909f56bfc062723c751e8b465ee728b)  -> (artifact id: '7f36f9ad63dba282b26a891d6e45fae5') in 0.034601 seconds
Number of updated asset objects reloaded before import = 0
Number of asset objects unloaded after import = 2
========================================================================
Received Import Request.
  Time since last request: 0.000022 seconds.
  path: Assets/Prefab/buzr.fbm/RoofingTiles013C_2K-JPG_Color.jpg
  artifactKey: Guid(d01173d9510713b48a7770636107388e) Importer(815301076,1909f56bfc062723c751e8b465ee728b)
Start importing Assets/Prefab/buzr.fbm/RoofingTiles013C_2K-JPG_Color.jpg using Guid(d01173d9510713b48a7770636107388e) Importer(815301076,1909f56bfc062723c751e8b465ee728b)  -> (artifact id: '7172e8f0955d9128e53089a16003b6f8') in 0.056060 seconds
Number of updated asset objects reloaded before import = 0
Number of asset objects unloaded after import = 2
========================================================================
Received Import Request.
  Time since last request: 0.000022 seconds.
  path: Assets/Prefab/buzr.fbm/Ground037_2K-JPG_Color.jpg
  artifactKey: Guid(b53bd3fa0ce3b304ba2c0127917c1ced) Importer(815301076,1909f56bfc062723c751e8b465ee728b)
Start importing Assets/Prefab/buzr.fbm/Ground037_2K-JPG_Color.jpg using Guid(b53bd3fa0ce3b304ba2c0127917c1ced) Importer(815301076,1909f56bfc062723c751e8b465ee728b)  -> (artifact id: 'f3031a9d51914eb3dfc278a722646276') in 0.021997 seconds
Number of updated asset objects reloaded before import = 0
Number of asset objects unloaded after import = 2
========================================================================
Received Import Request.
  Time since last request: 0.000030 seconds.
  path: Assets/Prefab/buzr.fbm/Metal022_1K-JPG_Roughness.jpg
  artifactKey: Guid(f109705d71f1e8449b159f3cdab8fa23) Importer(815301076,1909f56bfc062723c751e8b465ee728b)
Start importing Assets/Prefab/buzr.fbm/Metal022_1K-JPG_Roughness.jpg using Guid(f109705d71f1e8449b159f3cdab8fa23) Importer(815301076,1909f56bfc062723c751e8b465ee728b)  -> (artifact id: 'ed9410545e8b2725aa35590091c15fbe') in 0.016266 seconds
Number of updated asset objects reloaded before import = 0
Number of asset objects unloaded after import = 2
========================================================================
Received Import Request.
  Time since last request: 0.000017 seconds.
  path: Assets/Prefab/buzr.fbm/Metal022_1K-JPG_NormalGL.jpg
  artifactKey: Guid(04716d144fbe02f46a7e850c605dea33) Importer(815301076,1909f56bfc062723c751e8b465ee728b)
Start importing Assets/Prefab/buzr.fbm/Metal022_1K-JPG_NormalGL.jpg using Guid(04716d144fbe02f46a7e850c605dea33) Importer(815301076,1909f56bfc062723c751e8b465ee728b)  -> (artifact id: '3806c4cfdbbcdbf88b82b3f9ff9661eb') in 0.026880 seconds
Number of updated asset objects reloaded before import = 0
Number of asset objects unloaded after import = 2
========================================================================
Received Import Request.
  Time since last request: 0.000179 seconds.
  path: Assets/Prefab/buzr.fbm/DiamondPlate005C_2K-JPG_Color.jpg
  artifactKey: Guid(f45dbbd974e70fe498a57214c2aaeee3) Importer(815301076,1909f56bfc062723c751e8b465ee728b)
Start importing Assets/Prefab/buzr.fbm/DiamondPlate005C_2K-JPG_Color.jpg using Guid(f45dbbd974e70fe498a57214c2aaeee3) Importer(815301076,1909f56bfc062723c751e8b465ee728b)  -> (artifact id: '3907831f6444d653388efd8f0d9d5197') in 0.021422 seconds
Number of updated asset objects reloaded before import = 0
Number of asset objects unloaded after import = 2
========================================================================
Received Import Request.
  Time since last request: 0.000085 seconds.
  path: Assets/Prefab/buzr.fbm/Grass003_2K-JPG_NormalGL.jpg
  artifactKey: Guid(f4de031ceffdb5f4fbd9d0e487c617fa) Importer(815301076,1909f56bfc062723c751e8b465ee728b)
Start importing Assets/Prefab/buzr.fbm/Grass003_2K-JPG_NormalGL.jpg using Guid(f4de031ceffdb5f4fbd9d0e487c617fa) Importer(815301076,1909f56bfc062723c751e8b465ee728b)  -> (artifact id: '1c3b551a5b9c8bb3248799ae16452c40') in 0.074508 seconds
Number of updated asset objects reloaded before import = 0
Number of asset objects unloaded after import = 2
========================================================================
Received Import Request.
  Time since last request: 0.001212 seconds.
  path: Assets/Prefab/buzr.fbm/Ground037_2K-JPG_Roughness.jpg
  artifactKey: Guid(6941dc0210ffc624ba4c8fc5e05ea9c8) Importer(815301076,1909f56bfc062723c751e8b465ee728b)
Start importing Assets/Prefab/buzr.fbm/Ground037_2K-JPG_Roughness.jpg using Guid(6941dc0210ffc624ba4c8fc5e05ea9c8) Importer(815301076,1909f56bfc062723c751e8b465ee728b)  -> (artifact id: 'e19ba6bd3b176660f433dae4a5263c61') in 0.041969 seconds
Number of updated asset objects reloaded before import = 0
Number of asset objects unloaded after import = 2
========================================================================
Received Import Request.
  Time since last request: 0.000016 seconds.
  path: Assets/Prefab/buzr.fbm/Grass003_2K-JPG_Roughness.jpg
  artifactKey: Guid(342d1a41fa62aa0449e9835a24ac0e4a) Importer(815301076,1909f56bfc062723c751e8b465ee728b)
Start importing Assets/Prefab/buzr.fbm/Grass003_2K-JPG_Roughness.jpg using Guid(342d1a41fa62aa0449e9835a24ac0e4a) Importer(815301076,1909f56bfc062723c751e8b465ee728b)  -> (artifact id: '6426b62bc9d158c8e31881a5540d703d') in 0.033547 seconds
Number of updated asset objects reloaded before import = 0
Number of asset objects unloaded after import = 2
========================================================================
Received Import Request.
  Time since last request: 0.000019 seconds.
  path: Assets/Prefab/buzr.fbm/Concrete041B_2K-JPG_Color.jpg
  artifactKey: Guid(3dbf349de2811754ba2b0c733c0572c1) Importer(815301076,1909f56bfc062723c751e8b465ee728b)
Start importing Assets/Prefab/buzr.fbm/Concrete041B_2K-JPG_Color.jpg using Guid(3dbf349de2811754ba2b0c733c0572c1) Importer(815301076,1909f56bfc062723c751e8b465ee728b)  -> (artifact id: '7a48d27fdde8e9ef1ee1f61e6745c79f') in 0.019850 seconds
Number of updated asset objects reloaded before import = 0
Number of asset objects unloaded after import = 2
========================================================================
Received Import Request.
  Time since last request: 0.000029 seconds.
  path: Assets/Prefab/buzr.fbm/Sign022_1K-JPG_Metalness.jpg
  artifactKey: Guid(51af12c7badae754cb6a18b22dffdd8b) Importer(815301076,1909f56bfc062723c751e8b465ee728b)
Start importing Assets/Prefab/buzr.fbm/Sign022_1K-JPG_Metalness.jpg using Guid(51af12c7badae754cb6a18b22dffdd8b) Importer(815301076,1909f56bfc062723c751e8b465ee728b)  -> (artifact id: '4c497eccfdee792e625c750f280210ab') in 0.011773 seconds
Number of updated asset objects reloaded before import = 0
Number of asset objects unloaded after import = 2
========================================================================
Received Import Request.
  Time since last request: 0.000019 seconds.
  path: Assets/Prefab/buzr.fbm/Rock051_2K-JPG_Roughness.jpg
  artifactKey: Guid(187a060588acdec41968c4e84d830b71) Importer(815301076,1909f56bfc062723c751e8b465ee728b)
Start importing Assets/Prefab/buzr.fbm/Rock051_2K-JPG_Roughness.jpg using Guid(187a060588acdec41968c4e84d830b71) Importer(815301076,1909f56bfc062723c751e8b465ee728b)  -> (artifact id: '732dcdff9c1d435657678def80b14123') in 0.016371 seconds
Number of updated asset objects reloaded before import = 0
Number of asset objects unloaded after import = 2
========================================================================
Received Import Request.
  Time since last request: 0.000022 seconds.
  path: Assets/Prefab/buzr.fbm/Rock051_2K-JPG_NormalGL.jpg
  artifactKey: Guid(cbfea8e4ca28d9e439307f2f80831b1d) Importer(815301076,1909f56bfc062723c751e8b465ee728b)
Start importing Assets/Prefab/buzr.fbm/Rock051_2K-JPG_NormalGL.jpg using Guid(cbfea8e4ca28d9e439307f2f80831b1d) Importer(815301076,1909f56bfc062723c751e8b465ee728b)  -> (artifact id: '729b48f76584b6c8aed91461d672c7db') in 0.017461 seconds
Number of updated asset objects reloaded before import = 0
Number of asset objects unloaded after import = 2
========================================================================
Received Import Request.
  Time since last request: 0.000018 seconds.
  path: Assets/Prefab/buzr.fbm/Sign022_1K-JPG_Opacity.jpg
  artifactKey: Guid(178a5d7e98f119547906cb184fd94b78) Importer(815301076,1909f56bfc062723c751e8b465ee728b)
Start importing Assets/Prefab/buzr.fbm/Sign022_1K-JPG_Opacity.jpg using Guid(178a5d7e98f119547906cb184fd94b78) Importer(815301076,1909f56bfc062723c751e8b465ee728b)  -> (artifact id: '53a79429e260ab0dd25b74d1dfb1e91b') in 0.008675 seconds
Number of updated asset objects reloaded before import = 0
Number of asset objects unloaded after import = 2
Editor requested this worker to shutdown with reason: Scaling down because of idle timeout
TcpMessagingSession - receive error: operation aborted. errorcode: 995, details: L’opération d’entrée/sortie a été abandonnée en raison de l’arrêt d’un thread ou à la demande d’une application.
AssetImportWorker is now disconnected from the server
Process exiting
Exiting without the bug reporter. Application will terminate with return code 0