Using pre-set license
Built from '2022.3/staging' branch; Version is '2022.3.22f1 (887be4894c44) revision 8944612'; Using compiler version '192829333'; Build Type 'Release'
OS: 'Windows 10  (10.0.19045) 64bit Professional' Language: 'fr' Physical Memory: 32509 MB
BatchMode: 1, IsHumanControllingUs: 0, StartBugReporterOnCrash: 0, Is64bit: 1, IsPro: 1

COMMAND LINE ARGUMENTS:
C:\Program Files\Unity\Hub\Editor\2022.3.22f1\Editor\Unity.exe
-adb2
-batchMode
-noUpm
-name
AssetImportWorker12
-projectPath
C:/Dev/Unity_ML-Agents/V3/ELMO
-logFile
Logs/AssetImportWorker12.log
-srvPort
60714
Successfully changed project path to: C:/Dev/Unity_ML-Agents/V3/ELMO
C:/Dev/Unity_ML-Agents/V3/ELMO
[UnityMemory] Configuration Parameters - Can be set up in boot.config
    "memorysetup-bucket-allocator-granularity=16"
    "memorysetup-bucket-allocator-bucket-count=8"
    "memorysetup-bucket-allocator-block-size=33554432"
    "memorysetup-bucket-allocator-block-count=8"
    "memorysetup-main-allocator-block-size=16777216"
    "memorysetup-thread-allocator-block-size=16777216"
    "memorysetup-gfx-main-allocator-block-size=16777216"
    "memorysetup-gfx-thread-allocator-block-size=16777216"
    "memorysetup-cache-allocator-block-size=4194304"
    "memorysetup-typetree-allocator-block-size=2097152"
    "memorysetup-profiler-bucket-allocator-granularity=16"
    "memorysetup-profiler-bucket-allocator-bucket-count=8"
    "memorysetup-profiler-bucket-allocator-block-size=33554432"
    "memorysetup-profiler-bucket-allocator-block-count=8"
    "memorysetup-profiler-allocator-block-size=16777216"
    "memorysetup-profiler-editor-allocator-block-size=1048576"
    "memorysetup-temp-allocator-size-main=16777216"
    "memorysetup-job-temp-allocator-block-size=2097152"
    "memorysetup-job-temp-allocator-block-size-background=1048576"
    "memorysetup-job-temp-allocator-reduction-small-platforms=262144"
    "memorysetup-allocator-temp-initial-block-size-main=262144"
    "memorysetup-allocator-temp-initial-block-size-worker=262144"
    "memorysetup-temp-allocator-size-background-worker=32768"
    "memorysetup-temp-allocator-size-job-worker=262144"
    "memorysetup-temp-allocator-size-preload-manager=33554432"
    "memorysetup-temp-allocator-size-nav-mesh-worker=65536"
    "memorysetup-temp-allocator-size-audio-worker=65536"
    "memorysetup-temp-allocator-size-cloud-worker=32768"
    "memorysetup-temp-allocator-size-gi-baking-worker=262144"
    "memorysetup-temp-allocator-size-gfx=262144"
Player connection [53540] Host "[IP] 192.168.56.1 [Port] 0 [Flags] 2 [Guid] 2094442873 [EditorId] 2094442873 [Version] 1048832 [Id] WindowsEditor(7,DESKTOP-LB3974N) [Debug] 1 [PackageName] WindowsEditor [ProjectName] Editor" joined multi-casting on [225.0.0.222:54997]...

Player connection [53540] Host "[IP] 192.168.56.1 [Port] 0 [Flags] 2 [Guid] 2094442873 [EditorId] 2094442873 [Version] 1048832 [Id] WindowsEditor(7,DESKTOP-LB3974N) [Debug] 1 [PackageName] WindowsEditor [ProjectName] Editor" joined alternative multi-casting on [225.0.0.222:34997]...

[Physics::Module] Initialized MultithreadedJobDispatcher with 19 workers.
Refreshing native plugins compatible for Editor in 32.58 ms, found 7 plugins.
Preloading 0 native plugins for Editor in 0.00 ms.
Initialize engine version: 2022.3.22f1 (887be4894c44)
[Subsystems] Discovering subsystems at path C:/Program Files/Unity/Hub/Editor/2022.3.22f1/Editor/Data/Resources/UnitySubsystems
[Subsystems] Discovering subsystems at path C:/Dev/Unity_ML-Agents/V3/ELMO/Assets
GfxDevice: creating device client; threaded=0; jobified=0
Direct3D:
    Version:  Direct3D 11.0 [level 11.1]
    Renderer: NVIDIA GeForce RTX 3080 Ti (ID=0x2208)
    Vendor:   NVIDIA
    VRAM:     12086 MB
    Driver:   31.0.15.5178
Initialize mono
Mono path[0] = 'C:/Program Files/Unity/Hub/Editor/2022.3.22f1/Editor/Data/Managed'
Mono path[1] = 'C:/Program Files/Unity/Hub/Editor/2022.3.22f1/Editor/Data/MonoBleedingEdge/lib/mono/unityjit-win32'
Mono config path = 'C:/Program Files/Unity/Hub/Editor/2022.3.22f1/Editor/Data/MonoBleedingEdge/etc'
Using monoOptions --debugger-agent=transport=dt_socket,embedding=1,server=y,suspend=n,address=127.0.0.1:56784
Begin MonoManager ReloadAssembly
Registering precompiled unity dll's ...
Register platform support module: C:/Program Files/Unity/Hub/Editor/2022.3.22f1/Editor/Data/PlaybackEngines/WebGLSupport/UnityEditor.WebGL.Extensions.dll
Register platform support module: C:/Program Files/Unity/Hub/Editor/2022.3.22f1/Editor/Data/PlaybackEngines/WindowsStandaloneSupport/UnityEditor.WindowsStandalone.Extensions.dll
Registered in 0.017139 seconds.
- Loaded All Assemblies, in  0.435 seconds
Native extension for WindowsStandalone target not found
Native extension for WebGL target not found
Mono: successfully reloaded assembly
- Finished resetting the current domain, in  0.314 seconds
Domain Reload Profiling: 747ms
	BeginReloadAssembly (139ms)
		ExecutionOrderSort (0ms)
		DisableScriptedObjects (0ms)
		BackupInstance (0ms)
		ReleaseScriptingObjects (0ms)
		CreateAndSetChildDomain (1ms)
	RebuildCommonClasses (39ms)
	RebuildNativeTypeToScriptingClass (18ms)
	initialDomainReloadingComplete (83ms)
	LoadAllAssembliesAndSetupDomain (154ms)
		LoadAssemblies (135ms)
		RebuildTransferFunctionScriptingTraits (0ms)
		AnalyzeDomain (152ms)
			TypeCache.Refresh (150ms)
				TypeCache.ScanAssembly (136ms)
			ScanForSourceGeneratedMonoScriptInfo (0ms)
			ResolveRequiredComponents (0ms)
	FinalizeReload (314ms)
		ReleaseScriptCaches (0ms)
		RebuildScriptCaches (0ms)
		SetupLoadedEditorAssemblies (248ms)
			LogAssemblyErrors (0ms)
			InitializePlatformSupportModulesInManaged (13ms)
			SetLoadedEditorAssemblies (6ms)
			RefreshPlugins (0ms)
			BeforeProcessingInitializeOnLoad (2ms)
			ProcessInitializeOnLoadAttributes (172ms)
			ProcessInitializeOnLoadMethodAttributes (55ms)
			AfterProcessingInitializeOnLoad (0ms)
			EditorAssembliesLoaded (0ms)
		ExecutionOrderSort2 (0ms)
		AwakeInstancesAfterBackupRestoration (0ms)
========================================================================
Worker process is ready to serve import requests
Begin MonoManager ReloadAssembly
- Loaded All Assemblies, in  0.799 seconds
Refreshing native plugins compatible for Editor in 10.15 ms, found 7 plugins.
Native extension for WindowsStandalone target not found
Native extension for WebGL target not found
Package Manager log level set to [2]
[Package Manager] Server::EnsureServerProcessIsRunning -- launch failed, reason: Unity was launched with the -noUpm command-line argument
[Package Manager] UpmClient::Send -- Unable to send message (not connected to UPM process).
[Package Manager] Cannot connect to Unity Package Manager local server
Mono: successfully reloaded assembly
- Finished resetting the current domain, in  0.669 seconds
Domain Reload Profiling: 1462ms
	BeginReloadAssembly (157ms)
		ExecutionOrderSort (0ms)
		DisableScriptedObjects (6ms)
		BackupInstance (0ms)
		ReleaseScriptingObjects (0ms)
		CreateAndSetChildDomain (26ms)
	RebuildCommonClasses (38ms)
	RebuildNativeTypeToScriptingClass (12ms)
	initialDomainReloadingComplete (59ms)
	LoadAllAssembliesAndSetupDomain (526ms)
		LoadAssemblies (384ms)
		RebuildTransferFunctionScriptingTraits (0ms)
		AnalyzeDomain (228ms)
			TypeCache.Refresh (199ms)
				TypeCache.ScanAssembly (182ms)
			ScanForSourceGeneratedMonoScriptInfo (20ms)
			ResolveRequiredComponents (7ms)
	FinalizeReload (669ms)
		ReleaseScriptCaches (0ms)
		RebuildScriptCaches (0ms)
		SetupLoadedEditorAssemblies (499ms)
			LogAssemblyErrors (0ms)
			InitializePlatformSupportModulesInManaged (10ms)
			SetLoadedEditorAssemblies (3ms)
			RefreshPlugins (0ms)
			BeforeProcessingInitializeOnLoad (80ms)
			ProcessInitializeOnLoadAttributes (371ms)
			ProcessInitializeOnLoadMethodAttributes (23ms)
			AfterProcessingInitializeOnLoad (12ms)
			EditorAssembliesLoaded (0ms)
		ExecutionOrderSort2 (0ms)
		AwakeInstancesAfterBackupRestoration (7ms)
Launched and connected shader compiler UnityShaderCompiler.exe after 0.04 seconds
Refreshing native plugins compatible for Editor in 15.08 ms, found 7 plugins.
Preloading 0 native plugins for Editor in 0.00 ms.
Unloading 4048 Unused Serialized files (Serialized files now loaded: 0)
Unloading 89 unused Assets / (22.8 MB). Loaded Objects now: 4464.
Memory consumption went from 190.1 MB to 167.4 MB.
Total: 7.730600 ms (FindLiveObjects: 0.457800 ms CreateObjectMapping: 0.148400 ms MarkObjects: 3.860600 ms  DeleteObjects: 3.261900 ms)

AssetImportParameters requested are different than current active one (requested -> active):
  custom:container-demuxer-ogg: 62fdf1f143b41e24485cea50d1cbac27 -> 
  custom:video-decoder-ogg-theora: a1e56fd34408186e4bbccfd4996cb3dc -> 
  custom:framework-win-MediaFoundation: 216162199b28c13a410421893ffa2e32 -> 
  custom:CustomObjectIndexerAttribute: 9a22284fe3817be447336de3de66b15e -> 
  custom:container-demuxer-webm: 4f35f7cbe854078d1ac9338744f61a02 -> 
  custom:container-muxer-webm: aa71ff27fc2769a1b78a27578f13a17b -> 
  custom:video-decoder-webm-vp8: 9c59270c3fd7afecdb556c50c9e8de78 -> 
  custom:SearchIndexIgnoredProperties: e643bd26f0fe6173181afceb89e7c659 -> 
  custom:AudioImporter_EditorPlatform: d09bf68614088b80899f8185d706f6e7 -> 
  custom:video-encoder-webm-vp8: eb34c28f22e8b96e1ab97ce403110664 -> 
  custom:audio-decoder-ogg-vorbis: bf7c407c2cedff20999df2af8eb42d56 -> 
  custom:audio-encoder-webm-vorbis: bf7c407c2cedff20999df2af8eb42d56 -> 
========================================================================
Received Import Request.
  Time since last request: 473593.012229 seconds.
  path: Assets/Prefab/BUNKER.fbm/Bark001_1K-JPG_NormalGL.jpg
  artifactKey: Guid(726e9b070d959574fb970d134e15624f) Importer(815301076,1909f56bfc062723c751e8b465ee728b)
Start importing Assets/Prefab/BUNKER.fbm/Bark001_1K-JPG_NormalGL.jpg using Guid(726e9b070d959574fb970d134e15624f) Importer(815301076,1909f56bfc062723c751e8b465ee728b)  -> (artifact id: 'd2b4979dc5929bf0750be97c35710927') in 0.146323 seconds
Number of updated asset objects reloaded before import = 0
Number of asset objects unloaded after import = 2
========================================================================
Received Import Request.
  Time since last request: 0.000018 seconds.
  path: Assets/Prefab/BUNKER.fbm/Bark001_1K-JPG_Roughness.jpg
  artifactKey: Guid(1b9e5aad5b7a3c2438665c97f8581a44) Importer(815301076,1909f56bfc062723c751e8b465ee728b)
Start importing Assets/Prefab/BUNKER.fbm/Bark001_1K-JPG_Roughness.jpg using Guid(1b9e5aad5b7a3c2438665c97f8581a44) Importer(815301076,1909f56bfc062723c751e8b465ee728b)  -> (artifact id: 'ecf8cab9b74bc16fd903ea61dfdb78d4') in 0.026006 seconds
Number of updated asset objects reloaded before import = 0
Number of asset objects unloaded after import = 2
========================================================================
Received Import Request.
  Time since last request: 0.000018 seconds.
  path: Assets/Prefab/BUNKER.fbm/Concrete041B_2K-JPG_NormalGL.jpg
  artifactKey: Guid(9c210728cc7868646a45262f99f133ff) Importer(815301076,1909f56bfc062723c751e8b465ee728b)
Start importing Assets/Prefab/BUNKER.fbm/Concrete041B_2K-JPG_NormalGL.jpg using Guid(9c210728cc7868646a45262f99f133ff) Importer(815301076,1909f56bfc062723c751e8b465ee728b)  -> (artifact id: '3a7d570b5bdc95146e6031cd7b95a983') in 0.033017 seconds
Number of updated asset objects reloaded before import = 0
Number of asset objects unloaded after import = 2
========================================================================
Received Import Request.
  Time since last request: 0.000034 seconds.
  path: Assets/Prefab/BUNKER.fbm/Metal022_1K-JPG_NormalGL.jpg
  artifactKey: Guid(2ef43e7167e26b949834f8bd55f42dd3) Importer(815301076,1909f56bfc062723c751e8b465ee728b)
Start importing Assets/Prefab/BUNKER.fbm/Metal022_1K-JPG_NormalGL.jpg using Guid(2ef43e7167e26b949834f8bd55f42dd3) Importer(815301076,1909f56bfc062723c751e8b465ee728b)  -> (artifact id: '68a859ded311f9681ac9df6dcb2da1c6') in 0.017084 seconds
Number of updated asset objects reloaded before import = 0
Number of asset objects unloaded after import = 2
========================================================================
Received Import Request.
  Time since last request: 0.000018 seconds.
  path: Assets/Prefab/BUNKER.fbm/TactilePaving003_2K-JPG_Color.jpg
  artifactKey: Guid(0c52c744365ece04d994f2e30ab2a408) Importer(815301076,1909f56bfc062723c751e8b465ee728b)
Start importing Assets/Prefab/BUNKER.fbm/TactilePaving003_2K-JPG_Color.jpg using Guid(0c52c744365ece04d994f2e30ab2a408) Importer(815301076,1909f56bfc062723c751e8b465ee728b)  -> (artifact id: '6aa07b8836aa8dfa9a9be3b06d450e0e') in 0.037828 seconds
Number of updated asset objects reloaded before import = 0
Number of asset objects unloaded after import = 2
========================================================================
Received Import Request.
  Time since last request: 0.000019 seconds.
  path: Assets/Prefab/BUNKER.fbm/Concrete010_2K-JPG_Roughness.jpg
  artifactKey: Guid(7ce07aa84e3c59a409509597013e1729) Importer(815301076,1909f56bfc062723c751e8b465ee728b)
Start importing Assets/Prefab/BUNKER.fbm/Concrete010_2K-JPG_Roughness.jpg using Guid(7ce07aa84e3c59a409509597013e1729) Importer(815301076,1909f56bfc062723c751e8b465ee728b)  -> (artifact id: '1bdd6288dc114a07862797b8301dcea4') in 0.029253 seconds
Number of updated asset objects reloaded before import = 0
Number of asset objects unloaded after import = 2
========================================================================
Received Import Request.
  Time since last request: 0.000016 seconds.
  path: Assets/Prefab/BUNKER.fbm/Bricks091_1K-JPG_Color.jpg
  artifactKey: Guid(0c189b97655ba2647b7d3b7c2c0ba6f6) Importer(815301076,1909f56bfc062723c751e8b465ee728b)
Start importing Assets/Prefab/BUNKER.fbm/Bricks091_1K-JPG_Color.jpg using Guid(0c189b97655ba2647b7d3b7c2c0ba6f6) Importer(815301076,1909f56bfc062723c751e8b465ee728b)  -> (artifact id: 'b4212e377b180f3572697156fc4b52f3') in 0.063650 seconds
Number of updated asset objects reloaded before import = 0
Number of asset objects unloaded after import = 2
========================================================================
Received Import Request.
  Time since last request: 0.000099 seconds.
  path: Assets/Prefab/BUNKER.fbm/Bricks091_1K-JPG_NormalGL.jpg
  artifactKey: Guid(9b777ef333e76704cb4cc9f6f504615e) Importer(815301076,1909f56bfc062723c751e8b465ee728b)
Start importing Assets/Prefab/BUNKER.fbm/Bricks091_1K-JPG_NormalGL.jpg using Guid(9b777ef333e76704cb4cc9f6f504615e) Importer(815301076,1909f56bfc062723c751e8b465ee728b)  -> (artifact id: 'a689bb7df7a23f03201d508fb51ef528') in 0.025877 seconds
Number of updated asset objects reloaded before import = 0
Number of asset objects unloaded after import = 2
========================================================================
Received Import Request.
  Time since last request: 0.000020 seconds.
  path: Assets/Prefab/BUNKER.fbm/Sign022_1K-JPG_NormalGL.jpg
  artifactKey: Guid(405779aabbbea3f4d88037d3f282257a) Importer(815301076,1909f56bfc062723c751e8b465ee728b)
Start importing Assets/Prefab/BUNKER.fbm/Sign022_1K-JPG_NormalGL.jpg using Guid(405779aabbbea3f4d88037d3f282257a) Importer(815301076,1909f56bfc062723c751e8b465ee728b)  -> (artifact id: 'acddd11bc27dab0e0b7f35eb7a129dfa') in 0.026829 seconds
Number of updated asset objects reloaded before import = 0
Number of asset objects unloaded after import = 2
========================================================================
Received Import Request.
  Time since last request: 0.000023 seconds.
  path: Assets/Prefab/BUNKER.fbm/Metal022_1K-JPG_Metalness.jpg
  artifactKey: Guid(1f5dd593198ab1e41b6c18c5d882785d) Importer(815301076,1909f56bfc062723c751e8b465ee728b)
Start importing Assets/Prefab/BUNKER.fbm/Metal022_1K-JPG_Metalness.jpg using Guid(1f5dd593198ab1e41b6c18c5d882785d) Importer(815301076,1909f56bfc062723c751e8b465ee728b)  -> (artifact id: 'a29f3451a35abcd3244e852a40003e5c') in 0.018183 seconds
Number of updated asset objects reloaded before import = 0
Number of asset objects unloaded after import = 2
========================================================================
Received Import Request.
  Time since last request: 0.000030 seconds.
  path: Assets/Prefab/BUNKER.fbm/Concrete041B_2K-JPG_Roughness.jpg
  artifactKey: Guid(0d5f6bc1fa42ac54aa996f52dd1acccf) Importer(815301076,1909f56bfc062723c751e8b465ee728b)
Start importing Assets/Prefab/BUNKER.fbm/Concrete041B_2K-JPG_Roughness.jpg using Guid(0d5f6bc1fa42ac54aa996f52dd1acccf) Importer(815301076,1909f56bfc062723c751e8b465ee728b)  -> (artifact id: '7ee768f273db64a9062477717ae50248') in 0.015154 seconds
Number of updated asset objects reloaded before import = 0
Number of asset objects unloaded after import = 2
========================================================================
Received Import Request.
  Time since last request: 0.000025 seconds.
  path: Assets/Prefab/BUNKER.fbm/Concrete041B_2K-JPG_Metalness.jpg
  artifactKey: Guid(691bc7471e0bbee46b4a689accf7f1f4) Importer(815301076,1909f56bfc062723c751e8b465ee728b)
Start importing Assets/Prefab/BUNKER.fbm/Concrete041B_2K-JPG_Metalness.jpg using Guid(691bc7471e0bbee46b4a689accf7f1f4) Importer(815301076,1909f56bfc062723c751e8b465ee728b)  -> (artifact id: '1d69709e94b610391d67060157855b4d') in 0.015223 seconds
Number of updated asset objects reloaded before import = 0
Number of asset objects unloaded after import = 2
========================================================================
Received Import Request.
  Time since last request: 0.000019 seconds.
  path: Assets/Prefab/BUNKER.fbm/Ground037_2K-JPG_Color.jpg
  artifactKey: Guid(dc1d0974ed7ba4547a131a10ec010efa) Importer(815301076,1909f56bfc062723c751e8b465ee728b)
Start importing Assets/Prefab/BUNKER.fbm/Ground037_2K-JPG_Color.jpg using Guid(dc1d0974ed7ba4547a131a10ec010efa) Importer(815301076,1909f56bfc062723c751e8b465ee728b)  -> (artifact id: '6e20e2cf17d391506d2099a27e3e4be8') in 0.018397 seconds
Number of updated asset objects reloaded before import = 0
Number of asset objects unloaded after import = 2
========================================================================
Received Import Request.
  Time since last request: 0.000020 seconds.
  path: Assets/Prefab/BUNKER.fbm/DiamondPlate005C_2K-JPG_Roughness.jpg
  artifactKey: Guid(3f53a162c62a99746a3f7d981352aca5) Importer(815301076,1909f56bfc062723c751e8b465ee728b)
Start importing Assets/Prefab/BUNKER.fbm/DiamondPlate005C_2K-JPG_Roughness.jpg using Guid(3f53a162c62a99746a3f7d981352aca5) Importer(815301076,1909f56bfc062723c751e8b465ee728b)  -> (artifact id: '44a09795fc4d7975551af9dd9c18a529') in 0.018550 seconds
Number of updated asset objects reloaded before import = 0
Number of asset objects unloaded after import = 2
========================================================================
Received Import Request.
  Time since last request: 0.000025 seconds.
  path: Assets/Prefab/BUNKER.fbm/Sign022_1K-JPG_Color.jpg
  artifactKey: Guid(6b7bda79408f4e045a45c0f0aac9f34a) Importer(815301076,1909f56bfc062723c751e8b465ee728b)
Start importing Assets/Prefab/BUNKER.fbm/Sign022_1K-JPG_Color.jpg using Guid(6b7bda79408f4e045a45c0f0aac9f34a) Importer(815301076,1909f56bfc062723c751e8b465ee728b)  -> (artifact id: 'e63ed0af52c4f7cdc456fed04f54eb4d') in 0.013418 seconds
Number of updated asset objects reloaded before import = 0
Number of asset objects unloaded after import = 2
========================================================================
Received Import Request.
  Time since last request: 0.000022 seconds.
  path: Assets/Prefab/BUNKER.fbm/Sign022_1K-JPG_Opacity.jpg
  artifactKey: Guid(b59486098b811cf41b6549007cd9e838) Importer(815301076,1909f56bfc062723c751e8b465ee728b)
Start importing Assets/Prefab/BUNKER.fbm/Sign022_1K-JPG_Opacity.jpg using Guid(b59486098b811cf41b6549007cd9e838) Importer(815301076,1909f56bfc062723c751e8b465ee728b)  -> (artifact id: 'eea525589ef61a8371c7cce32da90c8a') in 0.044221 seconds
Number of updated asset objects reloaded before import = 0
Number of asset objects unloaded after import = 2
========================================================================
Received Import Request.
  Time since last request: 0.000404 seconds.
  path: Assets/Prefab/BUNKER.fbm/Rock051_2K-JPG_Metalness.jpg
  artifactKey: Guid(fc81e1f3717bedd4d804c4806a1e6d7d) Importer(815301076,1909f56bfc062723c751e8b465ee728b)
Start importing Assets/Prefab/BUNKER.fbm/Rock051_2K-JPG_Metalness.jpg using Guid(fc81e1f3717bedd4d804c4806a1e6d7d) Importer(815301076,1909f56bfc062723c751e8b465ee728b)  -> (artifact id: 'c19b14d8d0cad35253d23918a0b45870') in 0.225970 seconds
Number of updated asset objects reloaded before import = 0
Number of asset objects unloaded after import = 2
========================================================================
Received Import Request.
  Time since last request: 0.000024 seconds.
  path: Assets/Prefab/BUNKER.fbm/Sign022_1K-JPG_Metalness.jpg
  artifactKey: Guid(67fb8927b9b01184a966b76f904a7057) Importer(815301076,1909f56bfc062723c751e8b465ee728b)
Start importing Assets/Prefab/BUNKER.fbm/Sign022_1K-JPG_Metalness.jpg using Guid(67fb8927b9b01184a966b76f904a7057) Importer(815301076,1909f56bfc062723c751e8b465ee728b)  -> (artifact id: '7dce3c5603ea624e68365fbfaa2c55c0') in 0.028148 seconds
Number of updated asset objects reloaded before import = 0
Number of asset objects unloaded after import = 2
========================================================================
Received Import Request.
  Time since last request: 0.000229 seconds.
  path: Assets/Prefab/BUNKER.fbm/TactilePaving003_2K-JPG_NormalGL.jpg
  artifactKey: Guid(3cf3ed9062786b34dab277e7783d8e8e) Importer(815301076,1909f56bfc062723c751e8b465ee728b)
Start importing Assets/Prefab/BUNKER.fbm/TactilePaving003_2K-JPG_NormalGL.jpg using Guid(3cf3ed9062786b34dab277e7783d8e8e) Importer(815301076,1909f56bfc062723c751e8b465ee728b)  -> (artifact id: '654d4b1d42d82dce22ce35763ebd781b') in 0.032413 seconds
Number of updated asset objects reloaded before import = 0
Number of asset objects unloaded after import = 2
========================================================================
Received Import Request.
  Time since last request: 0.000017 seconds.
  path: Assets/Prefab/BUNKER.fbm/Grass003_2K-JPG_Roughness.jpg
  artifactKey: Guid(ed24ae91df604ef4bbd7832232302c41) Importer(815301076,1909f56bfc062723c751e8b465ee728b)
Start importing Assets/Prefab/BUNKER.fbm/Grass003_2K-JPG_Roughness.jpg using Guid(ed24ae91df604ef4bbd7832232302c41) Importer(815301076,1909f56bfc062723c751e8b465ee728b)  -> (artifact id: '61d3406caac17cce28aee40e22101d79') in 0.033954 seconds
Number of updated asset objects reloaded before import = 0
Number of asset objects unloaded after import = 2
Editor requested this worker to shutdown with reason: Scaling down because of idle timeout
TcpMessagingSession - receive error: operation aborted. errorcode: 995, details: L’opération d’entrée/sortie a été abandonnée en raison de l’arrêt d’un thread ou à la demande d’une application.
AssetImportWorker is now disconnected from the server
Process exiting
Exiting without the bug reporter. Application will terminate with return code 0